<?xml version="1.0" encoding="UTF-8"?>
<!-- Generated by org.testng.reporters.JUnitReportReporter -->
<testsuite hostname="DESKTOP-FM0NLUS" name="APIPROJECT.apiproject.localhostapi" tests="4" failures="0" timestamp="21 Mar 2022 10:59:19 GMT" time="9.337" errors="0">
  <testcase name="delete" time="0.068" classname="APIPROJECT.apiproject.localhostapi"/>
  <testcase name="login" time="0.179" classname="APIPROJECT.apiproject.localhostapi"/>
  <testcase name="createuser" time="8.997" classname="APIPROJECT.apiproject.localhostapi"/>
  <testcase name="modifyuser" time="0.093" classname="APIPROJECT.apiproject.localhostapi"/>
</testsuite> <!-- APIPROJECT.apiproject.localhostapi -->
