<?xml version="1.0" encoding="UTF-8"?>
<!-- Generated by org.testng.reporters.JUnitReportReporter -->
<testsuite hostname="DESKTOP-FM0NLUS" name="APIPROJECT.apiproject.swaggerapi" tests="5" failures="0" timestamp="21 Mar 2022 10:58:42 GMT" time="16.599" errors="0">
  <testcase name="logout" time="1.474" classname="APIPROJECT.apiproject.swaggerapi"/>
  <testcase name="createuser" time="10.387" classname="APIPROJECT.apiproject.swaggerapi"/>
  <testcase name="modifyuser" time="1.676" classname="APIPROJECT.apiproject.swaggerapi"/>
  <testcase name="delete" time="1.679" classname="APIPROJECT.apiproject.swaggerapi"/>
  <testcase name="login" time="1.383" classname="APIPROJECT.apiproject.swaggerapi"/>
</testsuite> <!-- APIPROJECT.apiproject.swaggerapi -->
